.git/config
.git/config.worktree
.git/description
.git/FETCH_HEAD
.git/HEAD
.git/hooks/applypatch-msg.sample
.git/hooks/commit-msg.sample
.git/hooks/fsmonitor-watchman.sample
.git/hooks/post-update.sample
.git/hooks/pre-applypatch.sample
.git/hooks/pre-commit.sample
.git/hooks/pre-merge-commit.sample
.git/hooks/pre-push.sample
.git/hooks/pre-rebase.sample
.git/hooks/pre-receive.sample
.git/hooks/prepare-commit-msg.sample
.git/hooks/push-to-checkout.sample
.git/hooks/sendemail-validate.sample
.git/hooks/update.sample
.git/index
.git/info/exclude
.git/logs/HEAD
.git/logs/refs/heads/main
.git/objects/05/cac18d18a7c8ae82b0c5a50d711fc191d9980f
.git/objects/09/40ef8a4a09138b2f6d9b6fc641da1771059f2e
.git/objects/12/6527b285b04a3a681e8b44d338ae95218d2ba4
.git/objects/18/3fde5f31c42ac5c38e1768bdfd931b4884f416
.git/objects/19/6443d791325aab9dcd66a7c8e0aaba2a137f94
.git/objects/1c/f84fcd3eda32a411d5da91033aa48101962ea2
.git/objects/2a/c9d18d8fc24983923cde2317bfa5b6fafd39e6
.git/objects/3d/6ff5a663cbb2ac9083d82662ca654aa55a9eb5
.git/objects/3e/50f874fd2934a1c796a507c8e03162b44e5b1b
.git/objects/3f/26d3877078cb7d254233e5accaa63a3e509805
.git/objects/3f/fb20cc21a061f46a81d1472f0759dcee958d71
.git/objects/40/082f22b57d5f26cef8e02f390cdc033b027921
.git/objects/49/b256c29acb4b9f64a8e15aacea47ab70c22e55
.git/objects/4c/5c02f195350b45254eb88b94c28b5493e124f6
.git/objects/4d/201960152da8c7c74cb1cef042856e536ca878
.git/objects/53/165e61eeb0e38435452f36cb8200e35f799b0f
.git/objects/57/557941af833548ef9169b878909bc0b39981da
.git/objects/59/5960ce9c10ea8950b261358a06397d05615f13
.git/objects/5d/cfc37a78cc950f77db3d23ad544b8b133ea775
.git/objects/75/7000fbad6a616ce8f9b57d832c81e21bb11810
.git/objects/86/c2c25c57c222e80753edc304cfc92ba8af943a
.git/objects/8b/7be5d3f5fc0a95e6a43354c75bfc09eb141c81
.git/objects/94/432d9bc9c53518286f32f617f090b81de3e94b
.git/objects/9b/cd72d7edc666923cd80299044337fd2bb991d1
.git/objects/a0/e1e617f64b5967ce9d90bcd017582ab5cad091
.git/objects/a4/b8f11a97ca53b5e8faad84ecced743457d93d7
.git/objects/a7/85625d5483fa5b07894c61ab3004fe57d485b6
.git/objects/ac/7c2c571854256994d347cf38c736b4ac5e1ed4
.git/objects/ad/6c09bdb988fbbeeebaccba11d9f88f297d5554
.git/objects/ae/f3aff76175ae4378d583e661cb179bb32b7c36
.git/objects/c1/2641c05d25534da0c15ff20eebb0a76e23c3d0
.git/objects/c1/72595909f784df455990fc61a224760a2eacf1
.git/objects/c7/7417d1970a39c3facb01b3655f67e439e062eb
.git/objects/c7/97382669a03912530f1a706bae15646bac838a
.git/objects/c9/f5426fa807630e5aecaa7b338abe9cdae342b9
.git/objects/ce/99694e4ed222cc5fe3d29f1480944cf096acae
.git/objects/d2/b9d62013901664379c088a33dab0a2efd3f8e8
.git/objects/d8/91c0e8db0ddb93e490c565f8d6c62ebafb9758
.git/objects/e6/201f69f12c00c0cc31881220bc1fc03c5c1f55
.git/objects/eb/b5719601cd3de65d98fe4a51fc18b20f942220
.git/objects/fc/b15434f8b56805217d5928892860c3913e5f8d
.git/refs/heads/main
.git/refs/remotes/origin/main
.github/workflows/mlx-lm-distillation.yml
.venv/bin/activate
.venv/bin/activate.csh
.venv/bin/activate.fish
.venv/bin/Activate.ps1
.venv/bin/f2py
.venv/bin/mlx.distributed_config
.venv/bin/mlx.launch
.venv/bin/numpy-config
.venv/bin/pip
.venv/bin/pip3
.venv/bin/pip3.12
.venv/pyvenv.cfg
data/mlx_lm_distill/eval_route_prompts.jsonl
data/mlx_lm_distill/eval_transcript_prompts.jsonl
data/mlx_lm_distill/generated_teacher_rows.jsonl
data/mlx_lm_distill/transcript_only/test.jsonl
data/mlx_lm_distill/transcript_only/train.jsonl
data/mlx_lm_distill/transcript_only/valid.jsonl
data/mlx_lm_distill/transcript_route/test.jsonl
data/mlx_lm_distill/transcript_route/train.jsonl
data/mlx_lm_distill/transcript_route/valid.jsonl
experiments/mlx_proof_matched_experiments.py
lake-version.log
lakefile.lean
lean-toolchain
lean-version.log
PACXAI.lean
PACXAI/Conditioning.lean
PACXAI/Core.lean
PACXAI/Distillation.lean
PACXAI/InfoTheory/DPI.lean
PACXAI/InfoTheory/FanoStyle.lean
PACXAI/InfoTheory/FiniteDistribution.lean
PACXAI/Leakage/FiniteCapacity.lean
PACXAI/PAC/MonteCarlo.lean
PACXAI/Recovery.lean
PACXAI/Transcript.lean
scripts/audit.sh
